{"numFailedTestSuites":17,"numFailedTests":0,"numPassedTestSuites":0,"numPassedTests":0,"numPendingTestSuites":0,"numPendingTests":0,"numRuntimeErrorTestSuites":17,"numTodoTests":0,"numTotalTestSuites":17,"numTotalTests":0,"openHandles":[],"snapshot":{"added":0,"didUpdate":false,"failure":false,"filesAdded":0,"filesRemoved":0,"filesRemovedList":[],"filesUnmatched":0,"filesUpdated":0,"matched":0,"total":0,"unchecked":0,"uncheckedKeysByFile":[],"unmatched":0,"updated":0},"startTime":1765795806142,"success":false,"testResults":[{"assertionResults":[],"coverage":{},"endTime":1765795806916,"message":"  \u001b[1m● \u001b[22mTest suite failed to run\n\n    TypeError: Cannot read properties of undefined (reading 'bind')\n\n      \u001b[2mat Runtime._createJestObjectFor (\u001b[22m../../../AppData/Local/npm-cache/_npx/b8d86e6551a4f492/node_modules/jest-runtime/build/index.js\u001b[2m:1712:64)\u001b[22m\n","name":"C:\\Users\\adenk\\Desktop\\sadie\\widget\\src\\renderer\\__tests__\\stream-end-error.test.tsx","startTime":1765795806916,"status":"failed","summary":""},{"assertionResults":[],"coverage":{},"endTime":1765795806916,"message":"  \u001b[1m● \u001b[22mTest suite failed to run\n\n    TypeError: Cannot read properties of undefined (reading 'bind')\n\n      \u001b[2mat Runtime._createJestObjectFor (\u001b[22m../../../AppData/Local/npm-cache/_npx/b8d86e6551a4f492/node_modules/jest-runtime/build/index.js\u001b[2m:1712:64)\u001b[22m\n","name":"C:\\Users\\adenk\\Desktop\\sadie\\widget\\src\\renderer\\__tests__\\stream-chunks.test.tsx","startTime":1765795806916,"status":"failed","summary":""},{"assertionResults":[],"coverage":{},"endTime":1765795806916,"message":"  \u001b[1m● \u001b[22mTest suite failed to run\n\n    TypeError: Cannot read properties of undefined (reading 'bind')\n\n      \u001b[2mat Runtime._createJestObjectFor (\u001b[22m../../../AppData/Local/npm-cache/_npx/b8d86e6551a4f492/node_modules/jest-runtime/build/index.js\u001b[2m:1712:64)\u001b[22m\n","name":"C:\\Users\\adenk\\Desktop\\sadie\\widget\\src\\renderer\\__tests__\\stream-cancel-confirmation.test.tsx","startTime":1765795806916,"status":"failed","summary":""},{"assertionResults":[],"coverage":{},"endTime":1765795806916,"message":"  \u001b[1m● \u001b[22mTest suite failed to run\n\n    TypeError: Cannot read properties of undefined (reading 'bind')\n\n      \u001b[2mat Runtime._createJestObjectFor (\u001b[22m../../../AppData/Local/npm-cache/_npx/b8d86e6551a4f492/node_modules/jest-runtime/build/index.js\u001b[2m:1712:64)\u001b[22m\n","name":"C:\\Users\\adenk\\Desktop\\sadie\\widget\\src\\renderer\\__tests__\\cancel-flow.test.tsx","startTime":1765795806916,"status":"failed","summary":""},{"assertionResults":[],"coverage":{},"endTime":1765795806916,"message":"  \u001b[1m● \u001b[22mTest suite failed to run\n\n    TypeError: Cannot read properties of undefined (reading 'bind')\n\n      \u001b[2mat Runtime._createJestObjectFor (\u001b[22m../../../AppData/Local/npm-cache/_npx/b8d86e6551a4f492/node_modules/jest-runtime/build/index.js\u001b[2m:1712:64)\u001b[22m\n","name":"C:\\Users\\adenk\\Desktop\\sadie\\widget\\src\\main\\__tests__\\tools-batch.test.ts","startTime":1765795806916,"status":"failed","summary":""},{"assertionResults":[],"coverage":{},"endTime":1765795806916,"message":"  \u001b[1m● \u001b[22mTest suite failed to run\n\n    TypeError: Cannot read properties of undefined (reading 'bind')\n\n      \u001b[2mat Runtime._createJestObjectFor (\u001b[22m../../../AppData/Local/npm-cache/_npx/b8d86e6551a4f492/node_modules/jest-runtime/build/index.js\u001b[2m:1712:64)\u001b[22m\n","name":"C:\\Users\\adenk\\Desktop\\sadie\\widget\\src\\main\\__tests__\\tools-alias.test.ts","startTime":1765795806916,"status":"failed","summary":""},{"assertionResults":[],"coverage":{},"endTime":1765795806916,"message":"  \u001b[1m● \u001b[22mTest suite failed to run\n\n    TypeError: Cannot read properties of undefined (reading 'bind')\n\n      \u001b[2mat Runtime._createJestObjectFor (\u001b[22m../../../AppData/Local/npm-cache/_npx/b8d86e6551a4f492/node_modules/jest-runtime/build/index.js\u001b[2m:1712:64)\u001b[22m\n","name":"C:\\Users\\adenk\\Desktop\\sadie\\widget\\src\\main\\__tests__\\system-prompt-authority.test.ts","startTime":1765795806916,"status":"failed","summary":""},{"assertionResults":[],"coverage":{},"endTime":1765795806916,"message":"  \u001b[1m● \u001b[22mTest suite failed to run\n\n    TypeError: Cannot read properties of undefined (reading 'bind')\n\n      \u001b[2mat Runtime._createJestObjectFor (\u001b[22m../../../AppData/Local/npm-cache/_npx/b8d86e6551a4f492/node_modules/jest-runtime/build/index.js\u001b[2m:1712:64)\u001b[22m\n","name":"C:\\Users\\adenk\\Desktop\\sadie\\widget\\src\\main\\__tests__\\sports.test.ts","startTime":1765795806916,"status":"failed","summary":""},{"assertionResults":[],"coverage":{},"endTime":1765795806916,"message":"  \u001b[1m● \u001b[22mTest suite failed to run\n\n    TypeError: Cannot read properties of undefined (reading 'bind')\n\n      \u001b[2mat Runtime._createJestObjectFor (\u001b[22m../../../AppData/Local/npm-cache/_npx/b8d86e6551a4f492/node_modules/jest-runtime/build/index.js\u001b[2m:1712:64)\u001b[22m\n","name":"C:\\Users\\adenk\\Desktop\\sadie\\widget\\src\\main\\__tests__\\preprocess.test.ts","startTime":1765795806916,"status":"failed","summary":""},{"assertionResults":[],"coverage":{},"endTime":1765795806916,"message":"  \u001b[1m● \u001b[22mTest suite failed to run\n\n    TypeError: Cannot read properties of undefined (reading 'bind')\n\n      \u001b[2mat Runtime._createJestObjectFor (\u001b[22m../../../AppData/Local/npm-cache/_npx/b8d86e6551a4f492/node_modules/jest-runtime/build/index.js\u001b[2m:1712:64)\u001b[22m\n","name":"C:\\Users\\adenk\\Desktop\\sadie\\widget\\src\\main\\__tests__\\runtime-nba-smoke.test.ts","startTime":1765795806916,"status":"failed","summary":""},{"assertionResults":[],"coverage":{},"endTime":1765795806916,"message":"  \u001b[1m● \u001b[22mTest suite failed to run\n\n    TypeError: Cannot read properties of undefined (reading 'bind')\n\n      \u001b[2mat Runtime._createJestObjectFor (\u001b[22m../../../AppData/Local/npm-cache/_npx/b8d86e6551a4f492/node_modules/jest-runtime/build/index.js\u001b[2m:1712:64)\u001b[22m\n","name":"C:\\Users\\adenk\\Desktop\\sadie\\widget\\src\\main\\__tests__\\routing-gating.test.ts","startTime":1765795806916,"status":"failed","summary":""},{"assertionResults":[],"coverage":{},"endTime":1765795806916,"message":"  \u001b[1m● \u001b[22mTest suite failed to run\n\n    TypeError: Cannot read properties of undefined (reading 'bind')\n\n      \u001b[2mat Runtime._createJestObjectFor (\u001b[22m../../../AppData/Local/npm-cache/_npx/b8d86e6551a4f492/node_modules/jest-runtime/build/index.js\u001b[2m:1712:64)\u001b[22m\n","name":"C:\\Users\\adenk\\Desktop\\sadie\\widget\\src\\main\\__tests__\\permissions-smoke.test.ts","startTime":1765795806916,"status":"failed","summary":""},{"assertionResults":[],"coverage":{},"endTime":1765795806916,"message":"  \u001b[1m● \u001b[22mTest suite failed to run\n\n    TypeError: Cannot read properties of undefined (reading 'bind')\n\n      \u001b[2mat Runtime._createJestObjectFor (\u001b[22m../../../AppData/Local/npm-cache/_npx/b8d86e6551a4f492/node_modules/jest-runtime/build/index.js\u001b[2m:1712:64)\u001b[22m\n","name":"C:\\Users\\adenk\\Desktop\\sadie\\widget\\src\\main\\__tests__\\message-router-helpers.test.ts","startTime":1765795806916,"status":"failed","summary":""},{"assertionResults":[],"coverage":{},"endTime":1765795806916,"message":"  \u001b[1m● \u001b[22mTest suite failed to run\n\n    TypeError: Cannot read properties of undefined (reading 'bind')\n\n      \u001b[2mat Runtime._createJestObjectFor (\u001b[22m../../../AppData/Local/npm-cache/_npx/b8d86e6551a4f492/node_modules/jest-runtime/build/index.js\u001b[2m:1712:64)\u001b[22m\n","name":"C:\\Users\\adenk\\Desktop\\sadie\\widget\\src\\main\\__tests__\\ipc-registration.test.ts","startTime":1765795806916,"status":"failed","summary":""},{"assertionResults":[],"coverage":{},"endTime":1765795806916,"message":"  \u001b[1m● \u001b[22mTest suite failed to run\n\n    TypeError: Cannot read properties of undefined (reading 'bind')\n\n      \u001b[2mat Runtime._createJestObjectFor (\u001b[22m../../../AppData/Local/npm-cache/_npx/b8d86e6551a4f492/node_modules/jest-runtime/build/index.js\u001b[2m:1712:64)\u001b[22m\n","name":"C:\\Users\\adenk\\Desktop\\sadie\\widget\\src\\main\\__tests__\\config-manager.test.ts","startTime":1765795806916,"status":"failed","summary":""},{"assertionResults":[],"coverage":{},"endTime":1765795806916,"message":"  \u001b[1m● \u001b[22mTest suite failed to run\n\n    TypeError: Cannot read properties of undefined (reading 'bind')\n\n      \u001b[2mat Runtime._createJestObjectFor (\u001b[22m../../../AppData/Local/npm-cache/_npx/b8d86e6551a4f492/node_modules/jest-runtime/build/index.js\u001b[2m:1712:64)\u001b[22m\n","name":"C:\\Users\\adenk\\Desktop\\sadie\\widget\\src\\__tests__\\stream-lifecycle.test.ts","startTime":1765795806916,"status":"failed","summary":""},{"assertionResults":[],"coverage":{},"endTime":1765795806916,"message":"  \u001b[1m● \u001b[22mTest suite failed to run\n\n    TypeError: Cannot read properties of undefined (reading 'bind')\n\n      \u001b[2mat Runtime._createJestObjectFor (\u001b[22m../../../AppData/Local/npm-cache/_npx/b8d86e6551a4f492/node_modules/jest-runtime/build/index.js\u001b[2m:1712:64)\u001b[22m\n","name":"C:\\Users\\adenk\\Desktop\\sadie\\widget\\src\\__tests__\\smoke.test.ts","startTime":1765795806916,"status":"failed","summary":""}],"wasInterrupted":false}
